2021-12-17 11:39:20,053 INFO org.springframework.boot.StartupInfoLogger [main] Starting Main using Java 11.0.12 on LAPTOP-R5UH513D with PID 28608 (C:\stsWsLatest\SpringBootHdfs\webhdfs\target\classes started by Avijit GuhaBiswas in C:\stsWsLatest\SpringBootHdfs\webhdfs)
2021-12-17 11:39:20,055 DEBUG org.springframework.boot.StartupInfoLogger [main] Running with Spring Boot v2.5.4, Spring v5.3.9
2021-12-17 11:39:20,055 INFO org.springframework.boot.SpringApplication [main] No active profile set, falling back to default profiles: default
2021-12-17 11:39:21,282 WARN org.springframework.context.support.AbstractApplicationContext [main] Exception encountered during context initialization - cancelling refresh attempt: org.springframework.beans.factory.UnsatisfiedDependencyException: Error creating bean with name 'main': Unsatisfied dependency expressed through field 'fs'; nested exception is org.springframework.beans.factory.BeanCreationException: Error creating bean with name 'hadoopFs': Invocation of init method failed; nested exception is java.lang.NoClassDefFoundError: org/apache/hadoop/crypto/key/KeyProviderTokenIssuer
2021-12-17 11:39:21,294 INFO org.springframework.boot.autoconfigure.logging.ConditionEvaluationReportLoggingListener [main] 

Error starting ApplicationContext. To display the conditions report re-run your application with 'debug' enabled.
2021-12-17 11:39:21,311 ERROR org.springframework.boot.SpringApplication [main] Application run failed
org.springframework.beans.factory.UnsatisfiedDependencyException: Error creating bean with name 'main': Unsatisfied dependency expressed through field 'fs'; nested exception is org.springframework.beans.factory.BeanCreationException: Error creating bean with name 'hadoopFs': Invocation of init method failed; nested exception is java.lang.NoClassDefFoundError: org/apache/hadoop/crypto/key/KeyProviderTokenIssuer
	at org.springframework.beans.factory.annotation.AutowiredAnnotationBeanPostProcessor$AutowiredFieldElement.resolveFieldValue(AutowiredAnnotationBeanPostProcessor.java:660)
	at org.springframework.beans.factory.annotation.AutowiredAnnotationBeanPostProcessor$AutowiredFieldElement.inject(AutowiredAnnotationBeanPostProcessor.java:640)
	at org.springframework.beans.factory.annotation.InjectionMetadata.inject(InjectionMetadata.java:119)
	at org.springframework.beans.factory.annotation.AutowiredAnnotationBeanPostProcessor.postProcessProperties(AutowiredAnnotationBeanPostProcessor.java:399)
	at org.springframework.beans.factory.support.AbstractAutowireCapableBeanFactory.populateBean(AbstractAutowireCapableBeanFactory.java:1413)
	at org.springframework.beans.factory.support.AbstractAutowireCapableBeanFactory.doCreateBean(AbstractAutowireCapableBeanFactory.java:601)
	at org.springframework.beans.factory.support.AbstractAutowireCapableBeanFactory.createBean(AbstractAutowireCapableBeanFactory.java:524)
	at org.springframework.beans.factory.support.AbstractBeanFactory.lambda$doGetBean$0(AbstractBeanFactory.java:335)
	at org.springframework.beans.factory.support.DefaultSingletonBeanRegistry.getSingleton(DefaultSingletonBeanRegistry.java:234)
	at org.springframework.beans.factory.support.AbstractBeanFactory.doGetBean(AbstractBeanFactory.java:333)
	at org.springframework.beans.factory.support.AbstractBeanFactory.getBean(AbstractBeanFactory.java:208)
	at org.springframework.beans.factory.support.DefaultListableBeanFactory.preInstantiateSingletons(DefaultListableBeanFactory.java:944)
	at org.springframework.context.support.AbstractApplicationContext.finishBeanFactoryInitialization(AbstractApplicationContext.java:918)
	at org.springframework.context.support.AbstractApplicationContext.refresh(AbstractApplicationContext.java:583)
	at org.springframework.boot.SpringApplication.refresh(SpringApplication.java:754)
	at org.springframework.boot.SpringApplication.refreshContext(SpringApplication.java:434)
	at org.springframework.boot.SpringApplication.run(SpringApplication.java:338)
	at org.springframework.boot.SpringApplication.run(SpringApplication.java:1343)
	at org.springframework.boot.SpringApplication.run(SpringApplication.java:1332)
	at com.self.webhdfs.Main.main(Main.java:47)
Caused by: org.springframework.beans.factory.BeanCreationException: Error creating bean with name 'hadoopFs': Invocation of init method failed; nested exception is java.lang.NoClassDefFoundError: org/apache/hadoop/crypto/key/KeyProviderTokenIssuer
	at org.springframework.beans.factory.support.AbstractAutowireCapableBeanFactory.initializeBean(AbstractAutowireCapableBeanFactory.java:1786)
	at org.springframework.beans.factory.support.AbstractAutowireCapableBeanFactory.doCreateBean(AbstractAutowireCapableBeanFactory.java:602)
	at org.springframework.beans.factory.support.AbstractAutowireCapableBeanFactory.createBean(AbstractAutowireCapableBeanFactory.java:524)
	at org.springframework.beans.factory.support.AbstractBeanFactory.lambda$doGetBean$0(AbstractBeanFactory.java:335)
	at org.springframework.beans.factory.support.DefaultSingletonBeanRegistry.getSingleton(DefaultSingletonBeanRegistry.java:234)
	at org.springframework.beans.factory.support.AbstractBeanFactory.doGetBean(AbstractBeanFactory.java:333)
	at org.springframework.beans.factory.support.AbstractBeanFactory.getBean(AbstractBeanFactory.java:208)
	at org.springframework.beans.factory.config.DependencyDescriptor.resolveCandidate(DependencyDescriptor.java:276)
	at org.springframework.beans.factory.support.DefaultListableBeanFactory.doResolveDependency(DefaultListableBeanFactory.java:1380)
	at org.springframework.beans.factory.support.DefaultListableBeanFactory.resolveDependency(DefaultListableBeanFactory.java:1300)
	at org.springframework.beans.factory.annotation.AutowiredAnnotationBeanPostProcessor$AutowiredFieldElement.resolveFieldValue(AutowiredAnnotationBeanPostProcessor.java:657)
	... 19 common frames omitted
Caused by: java.lang.NoClassDefFoundError: org/apache/hadoop/crypto/key/KeyProviderTokenIssuer
	at java.base/java.lang.ClassLoader.defineClass1(Native Method)
	at java.base/java.lang.ClassLoader.defineClass(ClassLoader.java:1017)
	at java.base/java.security.SecureClassLoader.defineClass(SecureClassLoader.java:174)
	at java.base/jdk.internal.loader.BuiltinClassLoader.defineClass(BuiltinClassLoader.java:800)
	at java.base/jdk.internal.loader.BuiltinClassLoader.findClassOnClassPathOrNull(BuiltinClassLoader.java:698)
	at java.base/jdk.internal.loader.BuiltinClassLoader.loadClassOrNull(BuiltinClassLoader.java:621)
	at java.base/jdk.internal.loader.BuiltinClassLoader.loadClass(BuiltinClassLoader.java:579)
	at java.base/jdk.internal.loader.ClassLoaders$AppClassLoader.loadClass(ClassLoaders.java:178)
	at java.base/java.lang.ClassLoader.loadClass(ClassLoader.java:522)
	at java.base/java.lang.Class.forName0(Native Method)
	at java.base/java.lang.Class.forName(Class.java:398)
	at java.base/java.util.ServiceLoader$LazyClassPathLookupIterator.nextProviderClass(ServiceLoader.java:1210)
	at java.base/java.util.ServiceLoader$LazyClassPathLookupIterator.hasNextService(ServiceLoader.java:1221)
	at java.base/java.util.ServiceLoader$LazyClassPathLookupIterator.hasNext(ServiceLoader.java:1265)
	at java.base/java.util.ServiceLoader$2.hasNext(ServiceLoader.java:1300)
	at java.base/java.util.ServiceLoader$3.hasNext(ServiceLoader.java:1385)
	at org.apache.hadoop.fs.FileSystem.loadFileSystems(FileSystem.java:2628)
	at org.apache.hadoop.fs.FileSystem.getFileSystemClass(FileSystem.java:2650)
	at org.apache.hadoop.fs.FileSystem.createFileSystem(FileSystem.java:2667)
	at org.apache.hadoop.fs.FileSystem.access$200(FileSystem.java:94)
	at org.apache.hadoop.fs.FileSystem$Cache.getInternal(FileSystem.java:2703)
	at org.apache.hadoop.fs.FileSystem$Cache.get(FileSystem.java:2685)
	at org.apache.hadoop.fs.FileSystem.get(FileSystem.java:373)
	at org.apache.hadoop.fs.FileSystem$1.run(FileSystem.java:162)
	at org.apache.hadoop.fs.FileSystem$1.run(FileSystem.java:159)
	at java.base/java.security.AccessController.doPrivileged(Native Method)
	at java.base/javax.security.auth.Subject.doAs(Subject.java:423)
	at org.apache.hadoop.security.UserGroupInformation.doAs(UserGroupInformation.java:1698)
	at org.apache.hadoop.fs.FileSystem.get(FileSystem.java:159)
	at org.springframework.data.hadoop.fs.FileSystemFactoryBean.afterPropertiesSet(FileSystemFactoryBean.java:49)
	at org.springframework.beans.factory.support.AbstractAutowireCapableBeanFactory.invokeInitMethods(AbstractAutowireCapableBeanFactory.java:1845)
	at org.springframework.beans.factory.support.AbstractAutowireCapableBeanFactory.initializeBean(AbstractAutowireCapableBeanFactory.java:1782)
	... 29 common frames omitted
Caused by: java.lang.ClassNotFoundException: org.apache.hadoop.crypto.key.KeyProviderTokenIssuer
	at java.base/jdk.internal.loader.BuiltinClassLoader.loadClass(BuiltinClassLoader.java:581)
	at java.base/jdk.internal.loader.ClassLoaders$AppClassLoader.loadClass(ClassLoaders.java:178)
	at java.base/java.lang.ClassLoader.loadClass(ClassLoader.java:522)
	... 61 common frames omitted
2021-12-17 11:57:33,472 INFO org.springframework.boot.StartupInfoLogger [main] Starting Main using Java 11.0.12 on LAPTOP-R5UH513D with PID 20860 (C:\stsWsLatest\SpringBootHdfs\webhdfs\target\classes started by Avijit GuhaBiswas in C:\stsWsLatest\SpringBootHdfs\webhdfs)
2021-12-17 11:57:33,476 DEBUG org.springframework.boot.StartupInfoLogger [main] Running with Spring Boot v2.5.4, Spring v5.3.9
2021-12-17 11:57:33,476 INFO org.springframework.boot.SpringApplication [main] No active profile set, falling back to default profiles: default
2021-12-17 11:57:34,568 INFO org.springframework.boot.StartupInfoLogger [main] Started Main in 1.515 seconds (JVM running for 2.503)
2021-12-17 11:57:34,763 WARN org.apache.hadoop.util.NativeCodeLoader [main] Unable to load native-hadoop library for your platform... using builtin-java classes where applicable
2021-12-17 11:57:38,249 WARN org.apache.hadoop.fs.FileSystem [main] Failed to initialize fileystem hdfs://webhdfs:50020: java.lang.IllegalArgumentException: java.net.UnknownHostException: webhdfs
2021-12-17 11:57:38,286 INFO org.springframework.boot.autoconfigure.logging.ConditionEvaluationReportLoggingListener [main] 

Error starting ApplicationContext. To display the conditions report re-run your application with 'debug' enabled.
2021-12-17 11:57:38,326 ERROR org.springframework.boot.SpringApplication [main] Application run failed
java.lang.IllegalStateException: Failed to execute CommandLineRunner
	at org.springframework.boot.SpringApplication.callRunner(SpringApplication.java:794)
	at org.springframework.boot.SpringApplication.callRunners(SpringApplication.java:775)
	at org.springframework.boot.SpringApplication.run(SpringApplication.java:345)
	at org.springframework.boot.SpringApplication.run(SpringApplication.java:1343)
	at org.springframework.boot.SpringApplication.run(SpringApplication.java:1332)
	at com.self.webhdfs.Main.main(Main.java:43)
Caused by: java.lang.IllegalArgumentException: java.net.UnknownHostException: webhdfs
	at org.apache.hadoop.security.SecurityUtil.buildTokenService(SecurityUtil.java:466)
	at org.apache.hadoop.hdfs.NameNodeProxiesClient.createProxyWithClientProtocol(NameNodeProxiesClient.java:134)
	at org.apache.hadoop.hdfs.DFSClient.<init>(DFSClient.java:374)
	at org.apache.hadoop.hdfs.DFSClient.<init>(DFSClient.java:308)
	at org.apache.hadoop.hdfs.DistributedFileSystem.initDFSClient(DistributedFileSystem.java:201)
	at org.apache.hadoop.hdfs.DistributedFileSystem.initialize(DistributedFileSystem.java:186)
	at org.apache.hadoop.fs.FileSystem.createFileSystem(FileSystem.java:3469)
	at org.apache.hadoop.fs.FileSystem.access$300(FileSystem.java:174)
	at org.apache.hadoop.fs.FileSystem$Cache.getInternal(FileSystem.java:3574)
	at org.apache.hadoop.fs.FileSystem$Cache.get(FileSystem.java:3521)
	at org.apache.hadoop.fs.FileSystem.get(FileSystem.java:540)
	at org.apache.hadoop.fs.FileSystem.get(FileSystem.java:288)
	at com.self.webhdfs.Main.run(Main.java:29)
	at org.springframework.boot.SpringApplication.callRunner(SpringApplication.java:791)
	... 5 common frames omitted
Caused by: java.net.UnknownHostException: webhdfs
	... 19 common frames omitted
